TN:
SF:src/modules/tasks/useCases/createSector/CreateSectorController.ts
FN:6,CreateSectorController
FN:7,Object.<anonymous>.CreateSectorController.handle
FNF:2
FNH:2
FNDA:1,CreateSectorController
FNDA:1,Object.<anonymous>.CreateSectorController.handle
DA:1,1
DA:2,1
DA:3,1
DA:4,1
DA:5,1
DA:6,1
DA:7,1
DA:8,1
DA:9,1
DA:10,1
DA:11,1
DA:12,1
DA:13,1
DA:14,1
DA:15,1
DA:16,1
DA:17,1
DA:18,1
DA:19,1
DA:20,1
DA:21,1
LF:21
LH:21
BRDA:6,0,0,1
BRDA:6,1,0,1
BRDA:7,2,0,1
BRF:3
BRH:3
end_of_record
TN:
SF:src/modules/tasks/useCases/createSector/CreateSectorUseCase.ts
FN:13,CreateSectorUseCase
FN:18,Object.<anonymous>.CreateSectorUseCase.execute
FNF:2
FNH:2
FNDA:1,CreateSectorUseCase
FNDA:1,Object.<anonymous>.CreateSectorUseCase.execute
DA:1,1
DA:2,1
DA:3,1
DA:4,1
DA:5,1
DA:6,1
DA:7,1
DA:8,1
DA:9,1
DA:10,1
DA:11,1
DA:12,1
DA:13,1
DA:14,1
DA:15,1
DA:16,1
DA:17,1
DA:18,1
DA:19,1
DA:20,1
DA:21,1
DA:22,1
DA:23,1
DA:24,1
LF:24
LH:24
BRDA:12,0,0,1
BRDA:13,1,0,1
BRDA:18,2,0,1
BRDA:19,3,0,1
BRF:4
BRH:4
end_of_record
